0 info it worked if it ends with ok
1 verbose cli [ 'C:\\Program Files\\nodejs\\node.exe',
1 verbose cli   'C:\\Program Files\\nodejs\\node_modules\\npm\\bin\\npm-cli.js',
1 verbose cli   'start' ]
2 info using npm@4.0.5
3 info using node@v7.4.0
4 verbose run-script [ 'prestart', 'start', 'poststart' ]
5 info lifecycle tijuana-sunrise@0.0.1~prestart: tijuana-sunrise@0.0.1
6 silly lifecycle tijuana-sunrise@0.0.1~prestart: no script for prestart, continuing
7 info lifecycle tijuana-sunrise@0.0.1~start: tijuana-sunrise@0.0.1
8 verbose lifecycle tijuana-sunrise@0.0.1~start: unsafe-perm in lifecycle true
9 verbose lifecycle tijuana-sunrise@0.0.1~start: PATH: C:\Program Files\nodejs\node_modules\npm\bin\node-gyp-bin;C:\Users\sam\tijuana-sunrise\node_modules\.bin;C:\WINDOWS\system32;C:\WINDOWS;C:\WINDOWS\System32\Wbem;C:\WINDOWS\System32\WindowsPowerShell\v1.0\;C:\Program Files (x86)\Skype\Phone\;C:\Program Files\nodejs\;C:\ProgramData\chocolatey\bin;C:\Program Files\Git\cmd;C:\Users\sam\AppData\Local\Microsoft\WindowsApps;C:\Users\sam\AppData\Roaming\npm;C:\Program Files (x86)\Microsoft VS Code\bin
10 verbose lifecycle tijuana-sunrise@0.0.1~start: CWD: C:\Users\sam\tijuana-sunrise
11 silly lifecycle tijuana-sunrise@0.0.1~start: Args: [ '/d /s /c', 'node ./bin/www' ]
12 silly lifecycle tijuana-sunrise@0.0.1~start: Returned: code: 1  signal: null
13 info lifecycle tijuana-sunrise@0.0.1~start: Failed to exec start script
14 verbose stack Error: tijuana-sunrise@0.0.1 start: `node ./bin/www`
14 verbose stack Exit status 1
14 verbose stack     at EventEmitter.<anonymous> (C:\Program Files\nodejs\node_modules\npm\lib\utils\lifecycle.js:279:16)
14 verbose stack     at emitTwo (events.js:106:13)
14 verbose stack     at EventEmitter.emit (events.js:191:7)
14 verbose stack     at ChildProcess.<anonymous> (C:\Program Files\nodejs\node_modules\npm\lib\utils\spawn.js:40:14)
14 verbose stack     at emitTwo (events.js:106:13)
14 verbose stack     at ChildProcess.emit (events.js:191:7)
14 verbose stack     at maybeClose (internal/child_process.js:885:16)
14 verbose stack     at Process.ChildProcess._handle.onexit (internal/child_process.js:226:5)
15 verbose pkgid tijuana-sunrise@0.0.1
16 verbose cwd C:\Users\sam\tijuana-sunrise
17 error Windows_NT 10.0.14393
18 error argv "C:\\Program Files\\nodejs\\node.exe" "C:\\Program Files\\nodejs\\node_modules\\npm\\bin\\npm-cli.js" "start"
19 error node v7.4.0
20 error npm  v4.0.5
21 error code ELIFECYCLE
22 error tijuana-sunrise@0.0.1 start: `node ./bin/www`
22 error Exit status 1
23 error Failed at the tijuana-sunrise@0.0.1 start script 'node ./bin/www'.
23 error Make sure you have the latest version of node.js and npm installed.
23 error If you do, this is most likely a problem with the tijuana-sunrise package,
23 error not with npm itself.
23 error Tell the author that this fails on your system:
23 error     node ./bin/www
23 error You can get information on how to open an issue for this project with:
23 error     npm bugs tijuana-sunrise
23 error Or if that isn't available, you can get their info via:
23 error     npm owner ls tijuana-sunrise
23 error There is likely additional logging output above.
24 verbose exit [ 1, true ]
